This file contains any messages produced by compilers while
running configure, to aid debugging if configure makes a mistake.

It was created by dpans2texi configure 1.05, which was
generated by GNU Autoconf 2.63.  Invocation command line was

  $ ./configure 

## --------- ##
## Platform. ##
## --------- ##

hostname = ubuntu
uname -m = x86_64
uname -r = 3.8.0-19-generic
uname -s = Linux
uname -v = #29-Ubuntu SMP Wed Apr 17 18:16:28 UTC 2013

/usr/bin/uname -p = unknown
/bin/uname -X     = unknown

/bin/arch              = unknown
/usr/bin/arch -k       = unknown
/usr/convex/getsysinfo = unknown
/usr/bin/hostinfo      = unknown
/bin/machine           = unknown
/usr/bin/oslevel       = unknown
/bin/universe          = unknown

PATH: /usr/lib/lightdm/lightdm
PATH: /usr/local/sbin
PATH: /usr/local/bin
PATH: /usr/sbin
PATH: /usr/bin
PATH: /sbin
PATH: /bin
PATH: /usr/games
PATH: /usr/local/games


## ----------- ##
## Core tests. ##
## ----------- ##

configure:1805: checking for a BSD-compatible install
configure:1873: result: /usr/bin/install -c
configure:1884: checking whether build environment is sane
configure:1927: result: yes
configure:1952: checking for a thread-safe mkdir -p
configure:1991: result: /bin/mkdir -p
configure:2004: checking for gawk
configure:2034: result: no
configure:2004: checking for mawk
configure:2020: found /usr/bin/mawk
configure:2031: result: mawk
configure:2042: checking whether make sets $(MAKE)
configure:2064: result: yes
configure:2253: checking for a BSD-compatible install
configure:2321: result: /usr/bin/install -c
configure:2334: checking for makeinfo
configure:2362: result: ${SHELL} /home/reb/local/dpans2texi-1.05/missing --run makeinfo
configure:2377: checking for emacs
configure:2393: found /usr/bin/emacs
configure:2404: result: emacs
configure:2428: checking where .elc files should go
configure:2441: $EMACS -batch -q -eval '(while load-path (princ (concat (car load-path) "\n")) (setq load-path (cdr load-path)))' </dev/null >conftest.out
Loading 00debian-vars...
Loading /etc/emacs/site-start.d/50dictionaries-common.el (source)...
Loading debian-ispell...
Loading /var/cache/dictionaries-common/emacsen-ispell-default.el (source)...
Loading /var/cache/dictionaries-common/emacsen-ispell-dicts.el (source)...
configure:2444: $? = 0
configure:2457: result: ${datarootdir}/emacs/site-lisp
configure:2605: creating ./config.status

## ---------------------- ##
## Running config.status. ##
## ---------------------- ##

This file was extended by dpans2texi config.status 1.05, which was
generated by GNU Autoconf 2.63.  Invocation command line was

  CONFIG_FILES    = 
  CONFIG_HEADERS  = 
  CONFIG_LINKS    = 
  CONFIG_COMMANDS = 
  $ ./config.status 

on ubuntu

config.status:663: creating Makefile

## ---------------- ##
## Cache variables. ##
## ---------------- ##

ac_cv_env_EMACSLOADPATH_set=
ac_cv_env_EMACSLOADPATH_value=
ac_cv_env_EMACS_set=
ac_cv_env_EMACS_value=
ac_cv_env_build_alias_set=
ac_cv_env_build_alias_value=
ac_cv_env_host_alias_set=
ac_cv_env_host_alias_value=
ac_cv_env_target_alias_set=
ac_cv_env_target_alias_value=
ac_cv_path_install='/usr/bin/install -c'
ac_cv_path_mkdir=/bin/mkdir
ac_cv_prog_AWK=mawk
ac_cv_prog_EMACS=emacs
ac_cv_prog_MAKEINFO='${SHELL} /home/reb/local/dpans2texi-1.05/missing --run makeinfo'
ac_cv_prog_make_make_set=yes
am_cv_lispdir='${datarootdir}/emacs/site-lisp'

## ----------------- ##
## Output variables. ##
## ----------------- ##

ACLOCAL='${SHELL} /home/reb/local/dpans2texi-1.05/missing --run aclocal-1.10'
AMTAR='${SHELL} /home/reb/local/dpans2texi-1.05/missing --run tar'
AUTOCONF='${SHELL} /home/reb/local/dpans2texi-1.05/missing --run autoconf'
AUTOHEADER='${SHELL} /home/reb/local/dpans2texi-1.05/missing --run autoheader'
AUTOMAKE='${SHELL} /home/reb/local/dpans2texi-1.05/missing --run automake-1.10'
AWK='mawk'
CYGPATH_W='echo'
DEFS='-DPACKAGE_NAME=\"dpans2texi\" -DPACKAGE_TARNAME=\"dpans2texi\" -DPACKAGE_VERSION=\"1.05\" -DPACKAGE_STRING=\"dpans2texi\ 1.05\" -DPACKAGE_BUGREPORT=\"jesper.harder@gmail.com\"'
ECHO_C=''
ECHO_N='-n'
ECHO_T=''
EMACS='emacs'
EMACSLOADPATH=''
INSTALL_DATA='${INSTALL} -m 644'
INSTALL_PROGRAM='${INSTALL}'
INSTALL_SCRIPT='${INSTALL}'
INSTALL_STRIP_PROGRAM='$(install_sh) -c -s'
LIBOBJS=''
LIBS=''
LTLIBOBJS=''
MAKEINFO='${SHELL} /home/reb/local/dpans2texi-1.05/missing --run makeinfo'
MKDIR_P='/bin/mkdir -p'
PACKAGE='dpans2texi'
PACKAGE_BUGREPORT='jesper.harder@gmail.com'
PACKAGE_NAME='dpans2texi'
PACKAGE_STRING='dpans2texi 1.05'
PACKAGE_TARNAME='dpans2texi'
PACKAGE_VERSION='1.05'
PATH_SEPARATOR=':'
SET_MAKE=''
SHELL='/bin/bash'
STRIP=''
VERSION='1.05'
am__isrc=''
am__leading_dot='.'
am__tar='${AMTAR} chof - "$$tardir"'
am__untar='${AMTAR} xf -'
bindir='${exec_prefix}/bin'
build_alias=''
datadir='${datarootdir}'
datarootdir='${prefix}/share'
docdir='${datarootdir}/doc/${PACKAGE_TARNAME}'
dvidir='${docdir}'
exec_prefix='${prefix}'
host_alias=''
htmldir='${docdir}'
includedir='${prefix}/include'
infodir='${datarootdir}/info'
install_sh='$(SHELL) /home/reb/local/dpans2texi-1.05/install-sh'
libdir='${exec_prefix}/lib'
libexecdir='${exec_prefix}/libexec'
lispdir='${datarootdir}/emacs/site-lisp'
localedir='${datarootdir}/locale'
localstatedir='${prefix}/var'
mandir='${datarootdir}/man'
mkdir_p='/bin/mkdir -p'
oldincludedir='/usr/include'
pdfdir='${docdir}'
prefix='/usr/local'
program_transform_name='s,x,x,'
psdir='${docdir}'
sbindir='${exec_prefix}/sbin'
sharedstatedir='${prefix}/com'
sysconfdir='${prefix}/etc'
target_alias=''

## ----------- ##
## confdefs.h. ##
## ----------- ##

#define PACKAGE_NAME "dpans2texi"
#define PACKAGE_TARNAME "dpans2texi"
#define PACKAGE_VERSION "1.05"
#define PACKAGE_STRING "dpans2texi 1.05"
#define PACKAGE_BUGREPORT "jesper.harder@gmail.com"

configure: exit 0
